2022-07-19 11:15:01,088 - __main__ - INFO - Token value: Token not available!
2022-07-19 11:15:01,760 - __main__ - INFO - Weather in Berlin: 30.32
2022-07-19 10:09:58,525 - __main__ - INFO - Token value: 1234
2022-07-19 10:09:58,949 - __main__ - INFO - Weather in Berlin: 32.56
2022-07-19 12:17:50,405 - __main__ - INFO - Token value: 1234
2022-07-19 12:17:50,875 - __main__ - INFO - Weather in Berlin: 33.66
2022-07-19 14:09:00,868 - __main__ - INFO - Token value: 1234
2022-07-19 14:09:01,435 - __main__ - INFO - Weather in Berlin: 34.86
2022-07-19 16:12:16,906 - __main__ - INFO - Token value: 1234
2022-07-19 16:12:17,306 - __main__ - INFO - Weather in Berlin: 34.28
2022-07-19 18:10:53,682 - __main__ - INFO - Token value: 1234
2022-07-19 18:10:53,844 - __main__ - INFO - Weather in Berlin: 31.9
2022-07-19 20:09:35,027 - __main__ - INFO - Token value: 1234
2022-07-19 20:09:35,139 - __main__ - INFO - Weather in Berlin: 27.52
2022-07-19 22:09:04,334 - __main__ - INFO - Token value: 1234
2022-07-19 22:09:04,912 - __main__ - INFO - Weather in Berlin: 25.4
2022-07-20 00:46:12,649 - __main__ - INFO - Token value: 1234
2022-07-20 00:46:13,296 - __main__ - INFO - Weather in Berlin: 24.18
2022-07-20 03:36:18,748 - __main__ - INFO - Token value: 1234
2022-07-20 03:36:18,916 - __main__ - INFO - Weather in Berlin: 22.12
2022-07-20 04:30:43,477 - __main__ - INFO - Token value: 1234
2022-07-20 04:30:43,776 - __main__ - INFO - Weather in Berlin: 21.64
2022-07-20 06:11:40,340 - __main__ - INFO - Token value: 1234
2022-07-20 06:11:41,194 - __main__ - INFO - Weather in Berlin: 24.95
2022-07-20 08:12:25,109 - __main__ - INFO - Token value: 1234
2022-07-20 08:12:25,397 - __main__ - INFO - Weather in Berlin: 30.85
2022-07-20 10:09:27,874 - __main__ - INFO - Token value: 1234
2022-07-20 10:09:28,041 - __main__ - INFO - Weather in Berlin: 35.42
2022-07-20 12:16:14,801 - __main__ - INFO - Token value: 1234
2022-07-20 12:16:15,447 - __main__ - INFO - Weather in Berlin: 36.64
2022-07-20 14:10:42,143 - __main__ - INFO - Token value: 1234
2022-07-20 14:10:42,285 - __main__ - INFO - Weather in Berlin: 37.34
2022-07-20 16:11:32,101 - __main__ - INFO - Token value: 1234
2022-07-20 16:11:32,270 - __main__ - INFO - Weather in Berlin: 36.32
2022-07-20 18:11:08,871 - __main__ - INFO - Token value: 1234
2022-07-20 18:11:09,450 - __main__ - INFO - Weather in Berlin: 35.75
2022-07-20 20:10:07,208 - __main__ - INFO - Token value: 1234
2022-07-20 20:10:07,807 - __main__ - INFO - Weather in Berlin: 29.16
2022-07-20 22:08:32,880 - __main__ - INFO - Token value: 1234
2022-07-20 22:08:33,309 - __main__ - INFO - Weather in Berlin: 27.72
2022-07-21 00:51:04,670 - __main__ - INFO - Token value: 1234
2022-07-21 00:51:04,945 - __main__ - INFO - Weather in Berlin: 25.62
2022-07-21 03:32:21,183 - __main__ - INFO - Token value: 1234
2022-07-21 03:32:21,622 - __main__ - INFO - Weather in Berlin: 24.17
2022-07-21 04:33:49,059 - __main__ - INFO - Token value: 1234
2022-07-21 04:33:49,712 - __main__ - INFO - Weather in Berlin: 23.8
2022-07-21 06:11:40,676 - __main__ - INFO - Token value: 1234
2022-07-21 06:11:41,078 - __main__ - INFO - Weather in Berlin: 24.1
2022-07-21 08:11:51,774 - __main__ - INFO - Token value: 1234
2022-07-21 08:11:51,925 - __main__ - INFO - Weather in Berlin: 26.61
2022-07-21 10:10:48,231 - __main__ - INFO - Token value: 1234
2022-07-21 10:10:48,658 - __main__ - INFO - Weather in Berlin: 29.39
2022-07-21 12:16:51,452 - __main__ - INFO - Token value: 1234
2022-07-21 12:16:52,210 - __main__ - INFO - Weather in Berlin: 29.02
2022-07-21 14:10:13,059 - __main__ - INFO - Token value: 1234
2022-07-21 14:10:13,760 - __main__ - INFO - Weather in Berlin: 24.62
2022-07-21 16:11:48,481 - __main__ - INFO - Token value: 1234
2022-07-21 16:11:49,254 - __main__ - INFO - Weather in Berlin: 24.51
2022-07-21 18:11:19,590 - __main__ - INFO - Token value: 1234
2022-07-21 18:11:19,965 - __main__ - INFO - Weather in Berlin: 25.79
2022-07-21 20:10:30,244 - __main__ - INFO - Token value: 1234
2022-07-21 20:10:30,328 - __main__ - INFO - Weather in Berlin: 22.77
2022-07-25 00:44:39,700 - __main__ - INFO - Token value: 1234
2022-07-25 00:44:40,082 - __main__ - INFO - Weather in Berlin: 19.9
2022-08-01 00:54:12,206 - __main__ - INFO - Token value: 1234
2022-08-01 00:54:12,694 - __main__ - INFO - Weather in Berlin: 20.23
2022-08-08 00:40:42,506 - __main__ - INFO - Token value: 1234
2022-08-08 00:40:42,610 - __main__ - INFO - Weather in Berlin: 16.92
2022-08-15 00:44:48,218 - __main__ - INFO - Token value: 1234
2022-08-15 00:44:48,828 - __main__ - INFO - Weather in Berlin: 22.05
2022-08-22 00:46:22,483 - __main__ - INFO - Token value: 1234
2022-08-22 00:46:22,604 - __main__ - INFO - Weather in Berlin: 16.54
2022-08-29 00:51:03,885 - __main__ - INFO - Token value: 1234
2022-08-29 00:51:04,463 - __main__ - INFO - Weather in Berlin: 13.61
2022-09-05 00:54:44,539 - __main__ - INFO - Token value: 1234
2022-09-05 00:54:45,065 - __main__ - INFO - Weather in Berlin: 15.8
2022-09-12 00:48:56,255 - __main__ - INFO - Token value: 1234
2022-09-12 00:48:56,362 - __main__ - INFO - Weather in Berlin: 12.68
2022-09-19 00:51:28,986 - __main__ - INFO - Token value: 1234
2022-09-19 00:51:29,073 - __main__ - INFO - Weather in Berlin: 8.79
2022-09-26 00:54:36,285 - __main__ - INFO - Token value: 1234
2022-09-26 00:54:36,670 - __main__ - INFO - Weather in Berlin: 11.75
2022-10-03 00:53:53,511 - __main__ - INFO - Token value: 1234
2022-10-03 00:53:54,115 - __main__ - INFO - Weather in Berlin: 11.07
2022-10-10 00:59:22,592 - __main__ - INFO - Token value: 1234
2022-10-10 00:59:22,684 - __main__ - INFO - Weather in Berlin: 7.73
2022-10-17 01:03:34,041 - __main__ - INFO - Token value: 1234
2022-10-17 01:03:34,808 - __main__ - INFO - Weather in Berlin: 13.02
2022-10-24 01:05:23,964 - __main__ - INFO - Token value: 1234
2022-10-24 01:05:24,197 - __main__ - INFO - Weather in Berlin: 13.27
2022-10-31 00:56:50,347 - __main__ - INFO - Token value: 1234
2022-10-31 00:56:50,781 - __main__ - INFO - Weather in Berlin: 13.45
2022-11-07 00:46:30,914 - __main__ - INFO - Token value: 1234
2022-11-07 00:46:31,482 - __main__ - INFO - Weather in Berlin: 6.9
2022-11-14 00:42:53,014 - __main__ - INFO - Token value: 1234
2022-11-14 00:42:53,136 - __main__ - INFO - Weather in Berlin: 6.58
2022-11-21 00:44:54,383 - __main__ - INFO - Token value: 1234
2022-11-21 00:44:54,891 - __main__ - INFO - Weather in Berlin: -1.89
2022-11-28 00:38:10,868 - __main__ - INFO - Token value: 1234
2022-11-28 00:38:10,962 - __main__ - INFO - Weather in Berlin: 4.03
2022-12-05 00:37:36,747 - __main__ - INFO - Token value: 1234
2022-12-05 00:37:37,346 - __main__ - INFO - Weather in Berlin: 2.48
2022-12-12 00:40:48,194 - __main__ - INFO - Token value: 1234
2022-12-12 00:40:48,347 - __main__ - INFO - Weather in Berlin: -1.51
2022-12-19 00:34:22,668 - __main__ - INFO - Token value: 1234
2022-12-19 00:34:23,349 - __main__ - INFO - Weather in Berlin: -4.73
2022-12-26 00:37:57,455 - __main__ - INFO - Token value: 1234
2022-12-26 00:37:58,555 - __main__ - INFO - Weather in Berlin: 8.58
2023-01-02 00:37:45,571 - __main__ - INFO - Token value: 1234
2023-01-02 00:37:46,198 - __main__ - INFO - Weather in Berlin: 11.86
2023-01-09 00:37:48,669 - __main__ - INFO - Token value: 1234
2023-01-09 00:37:49,006 - __main__ - INFO - Weather in Berlin: 5.01
2023-01-16 00:38:39,973 - __main__ - INFO - Token value: 1234
2023-01-16 00:38:40,358 - __main__ - INFO - Weather in Berlin: 4.9
2023-01-23 00:37:11,897 - __main__ - INFO - Token value: 1234
2023-01-23 00:37:12,431 - __main__ - INFO - Weather in Berlin: 1.65
2023-01-30 00:35:30,776 - __main__ - INFO - Token value: 1234
2023-01-30 00:35:31,351 - __main__ - INFO - Weather in Berlin: 1.63
2023-02-06 00:37:40,919 - __main__ - INFO - Token value: 1234
2023-02-06 00:37:41,397 - __main__ - INFO - Weather in Berlin: -2.01
2023-02-13 00:41:55,645 - __main__ - INFO - Token value: 1234
2023-02-13 00:41:56,334 - __main__ - INFO - Weather in Berlin: 7.16
2023-02-20 00:42:40,136 - __main__ - INFO - Token value: 1234
2023-02-20 00:42:40,714 - __main__ - INFO - Weather in Berlin: 2.39
2023-02-27 00:41:12,914 - __main__ - INFO - Token value: 1234
2023-02-27 00:41:13,506 - __main__ - INFO - Weather in Berlin: -1.34
2023-03-06 00:41:41,381 - __main__ - INFO - Token value: 1234
2023-03-06 00:41:41,518 - __main__ - INFO - Weather in Berlin: 0.94
2023-03-13 00:39:58,538 - __main__ - INFO - Token value: 1234
2023-03-13 00:39:58,984 - __main__ - INFO - Weather in Berlin: 5.94
2023-03-20 00:40:52,346 - __main__ - INFO - Token value: 1234
2023-03-20 00:40:52,864 - __main__ - INFO - Weather in Berlin: 10.36
2023-03-27 00:37:03,135 - __main__ - INFO - Token value: 1234
2023-03-27 00:37:03,579 - __main__ - INFO - Weather in Berlin: 4.49
2023-04-03 00:37:03,535 - __main__ - INFO - Token value: 1234
2023-04-03 00:37:03,887 - __main__ - INFO - Weather in Berlin: 1.06
2023-04-10 00:36:03,126 - __main__ - INFO - Token value: 1234
2023-04-10 00:36:03,601 - __main__ - INFO - Weather in Berlin: 6.65
2023-04-17 00:38:11,628 - __main__ - INFO - Token value: 1234
2023-04-17 00:38:11,958 - __main__ - INFO - Weather in Berlin: 7.47
2023-04-24 00:37:25,968 - __main__ - INFO - Token value: 1234
2023-04-24 00:37:26,548 - __main__ - INFO - Weather in Berlin: 11.24
2023-05-01 00:38:28,593 - __main__ - INFO - Token value: 1234
2023-05-01 00:38:29,237 - __main__ - INFO - Weather in Berlin: 4.74
2023-05-08 00:35:59,553 - __main__ - INFO - Token value: 1234
2023-05-08 00:36:00,012 - __main__ - INFO - Weather in Berlin: 8.12
2023-05-15 00:37:43,779 - __main__ - INFO - Token value: 1234
2023-05-15 00:37:44,323 - __main__ - INFO - Weather in Berlin: 13.01
2023-05-22 00:38:44,183 - __main__ - INFO - Token value: 1234
2023-05-22 00:38:44,825 - __main__ - INFO - Weather in Berlin: 18.93
2023-05-29 00:38:32,685 - __main__ - INFO - Token value: 1234
2023-05-29 00:38:33,317 - __main__ - INFO - Weather in Berlin: 13.49
2023-06-05 00:42:16,214 - __main__ - INFO - Token value: 1234
2023-06-05 00:42:16,354 - __main__ - INFO - Weather in Berlin: 12.54
2023-06-12 00:44:40,761 - __main__ - INFO - Token value: 1234
2023-06-12 00:44:41,287 - __main__ - INFO - Weather in Berlin: 17.95
2023-06-19 00:41:31,896 - __main__ - INFO - Token value: 1234
2023-06-19 00:41:32,077 - __main__ - INFO - Weather in Berlin: 17.46
2023-06-26 00:48:35,778 - __main__ - INFO - Token value: 1234
2023-06-26 00:48:35,965 - __main__ - INFO - Weather in Berlin: 19.96
2023-07-03 00:47:50,515 - __main__ - INFO - Token value: 1234
2023-07-03 00:47:51,503 - __main__ - INFO - Weather in Berlin: 14.82
2023-07-10 00:47:49,548 - __main__ - INFO - Token value: 1234
2023-07-10 00:47:50,169 - __main__ - INFO - Weather in Berlin: 21.4
2023-07-17 00:50:57,487 - __main__ - INFO - Token value: 1234
2023-07-17 00:50:58,057 - __main__ - INFO - Weather in Berlin: 17.68
2023-07-24 00:41:28,744 - __main__ - INFO - Token value: 1234
2023-07-24 00:41:29,341 - __main__ - INFO - Weather in Berlin: 19.18
2023-07-31 00:41:40,366 - __main__ - INFO - Token value: 1234
2023-07-31 00:41:40,950 - __main__ - INFO - Weather in Berlin: 15.06
2023-08-07 00:39:33,017 - __main__ - INFO - Token value: 1234
2023-08-07 00:39:33,591 - __main__ - INFO - Weather in Berlin: 14.24
2023-08-14 00:32:09,980 - __main__ - INFO - Token value: 1234
2023-08-14 00:32:10,569 - __main__ - INFO - Weather in Berlin: 19.18
2023-08-21 00:31:40,538 - __main__ - INFO - Token value: 1234
2023-08-21 00:31:41,217 - __main__ - INFO - Weather in Berlin: 20.29
2023-08-28 00:32:45,300 - __main__ - INFO - Token value: 1234
2023-08-28 00:32:45,759 - __main__ - INFO - Weather in Berlin: 15.49
2023-09-04 00:32:51,578 - __main__ - INFO - Token value: 1234
2023-09-04 00:32:51,721 - __main__ - INFO - Weather in Berlin: 13.88
2023-09-11 00:33:02,029 - __main__ - INFO - Token value: 1234
2023-09-11 00:33:02,311 - __main__ - INFO - Weather in Berlin: 19.79
2023-09-18 00:33:08,034 - __main__ - INFO - Token value: 1234
2023-09-18 00:33:08,622 - __main__ - INFO - Weather in Berlin: 18.77
2023-09-25 00:33:31,589 - __main__ - INFO - Token value: 1234
2023-09-25 00:33:32,204 - __main__ - INFO - Weather in Berlin: 11.97
2023-10-02 00:33:45,247 - __main__ - INFO - Token value: 1234
2023-10-02 00:33:45,432 - __main__ - INFO - Weather in Berlin: 16.15
2023-10-09 00:33:46,073 - __main__ - INFO - Token value: 1234
2023-10-09 00:33:46,678 - __main__ - INFO - Weather in Berlin: 10.35
2023-10-16 00:34:12,581 - __main__ - INFO - Token value: 1234
2023-10-16 00:34:13,068 - __main__ - INFO - Weather in Berlin: 6.05
2023-10-23 00:33:38,346 - __main__ - INFO - Token value: 1234
2023-10-23 00:33:38,481 - __main__ - INFO - Weather in Berlin: 11.05
2023-10-30 00:34:04,551 - __main__ - INFO - Token value: 1234
2023-10-30 00:34:05,043 - __main__ - INFO - Weather in Berlin: 12.19
2023-11-06 00:34:49,810 - __main__ - INFO - Token value: 1234
2023-11-06 00:34:50,132 - __main__ - INFO - Weather in Berlin: 10.48
2023-11-13 00:35:20,583 - __main__ - INFO - Token value: 1234
2023-11-13 00:35:21,202 - __main__ - INFO - Weather in Berlin: 6.07
2023-11-20 00:36:06,535 - __main__ - INFO - Token value: 1234
2023-11-20 00:36:06,644 - __main__ - INFO - Weather in Berlin: 9.7
2023-11-27 00:35:44,273 - __main__ - INFO - Token value: 1234
2023-11-27 00:35:44,752 - __main__ - INFO - Weather in Berlin: -0.91
2023-12-04 00:36:12,963 - __main__ - INFO - Token value: 1234
2023-12-04 00:36:13,413 - __main__ - INFO - Weather in Berlin: -5.01
2023-12-11 00:36:36,877 - __main__ - INFO - Token value: 1234
2023-12-11 00:36:37,345 - __main__ - INFO - Weather in Berlin: 6.43
2023-12-18 00:36:39,535 - __main__ - INFO - Token value: 1234
2023-12-18 00:36:40,637 - __main__ - INFO - Weather in Berlin: 5.87
2023-12-25 00:35:57,463 - __main__ - INFO - Token value: 1234
2023-12-25 00:35:57,814 - __main__ - INFO - Weather in Berlin: 9.67
2024-01-01 00:39:23,702 - __main__ - INFO - Token value: 1234
2024-01-01 00:39:24,163 - __main__ - INFO - Weather in Berlin: 6.02
2024-01-08 00:36:53,575 - __main__ - INFO - Token value: 1234
2024-01-08 00:36:54,117 - __main__ - INFO - Weather in Berlin: -6.67
2024-01-15 00:37:53,460 - __main__ - INFO - Token value: 1234
2024-01-15 00:37:54,171 - __main__ - INFO - Weather in Berlin: 2.04
2024-01-22 00:38:04,182 - __main__ - INFO - Token value: 1234
2024-01-22 00:38:04,935 - __main__ - INFO - Weather in Berlin: 2.86
2024-01-29 00:34:00,850 - __main__ - INFO - Token value: 1234
2024-01-29 00:34:01,071 - __main__ - INFO - Weather in Berlin: 1.69
2024-02-05 00:35:06,109 - __main__ - INFO - Token value: 1234
2024-02-12 00:34:33,688 - __main__ - INFO - Token value: 1234
2024-02-19 00:34:58,887 - __main__ - INFO - Token value: 1234
2024-02-26 00:35:09,233 - __main__ - INFO - Token value: 1234
2024-03-04 00:34:25,560 - __main__ - INFO - Token value: 1234
2024-03-11 00:35:08,395 - __main__ - INFO - Token value: 1234
2024-03-18 00:35:06,524 - __main__ - INFO - Token value: 1234
2024-03-25 00:35:30,409 - __main__ - INFO - Token value: 1234
2024-04-01 00:38:07,362 - __main__ - INFO - Token value: 1234
2024-04-08 00:35:54,186 - __main__ - INFO - Token value: 1234
2024-04-15 03:04:08,840 - __main__ - INFO - Token value: 1234
2024-04-22 00:36:28,016 - __main__ - INFO - Token value: 1234
2024-04-29 00:36:00,211 - __main__ - INFO - Token value: 1234
2024-05-06 00:36:33,374 - __main__ - INFO - Token value: 1234
2024-05-13 00:37:20,778 - __main__ - INFO - Token value: 1234
2024-05-20 00:37:12,884 - __main__ - INFO - Token value: 1234
2024-05-27 00:37:48,048 - __main__ - INFO - Token value: 1234
2024-06-03 00:38:07,159 - __main__ - INFO - Token value: 1234
2024-06-10 00:39:11,953 - __main__ - INFO - Token value: 1234
2024-06-17 00:39:35,708 - __main__ - INFO - Token value: 1234
2024-06-24 00:39:42,774 - __main__ - INFO - Token value: 1234
2024-07-01 00:43:42,399 - __main__ - INFO - Token value: 1234
2024-07-08 00:40:10,931 - __main__ - INFO - Token value: 1234
2024-07-15 00:40:40,166 - __main__ - INFO - Token value: 1234
2024-07-22 00:41:01,877 - __main__ - INFO - Token value: 1234
2024-07-29 00:41:08,640 - __main__ - INFO - Token value: 1234
2024-08-05 00:41:30,205 - __main__ - INFO - Token value: 1234
2024-08-12 00:41:53,777 - __main__ - INFO - Token value: 1234
2024-08-19 00:41:08,919 - __main__ - INFO - Token value: 1234
2024-08-26 00:41:09,438 - __main__ - INFO - Token value: 1234
2024-09-02 00:43:32,364 - __main__ - INFO - Token value: 1234
2024-09-09 00:44:33,435 - __main__ - INFO - Token value: 1234
2024-09-16 00:46:12,591 - __main__ - INFO - Token value: 1234
2024-09-23 00:45:45,251 - __main__ - INFO - Token value: 1234
2024-09-30 00:47:22,120 - __main__ - INFO - Token value: 1234
2024-10-07 00:47:15,042 - __main__ - INFO - Token value: 1234
2024-10-14 00:47:27,568 - __main__ - INFO - Token value: 1234
2024-10-15 23:33:50,480 - __main__ - INFO - Token value: 
2024-10-16 23:33:44,283 - __main__ - INFO - Token value: 
2024-10-17 23:33:29,274 - __main__ - INFO - Token value: 
2024-10-18 23:32:22,397 - __main__ - INFO - Token value: 
2024-10-19 23:32:06,737 - __main__ - INFO - Token value: 
2024-10-20 23:33:05,789 - __main__ - INFO - Token value: 
2024-10-21 23:33:48,608 - __main__ - INFO - Token value: 
2024-10-22 23:33:14,278 - __main__ - INFO - Token value: 
2024-10-23 23:33:11,360 - __main__ - INFO - Token value: 
2024-10-24 23:33:29,985 - __main__ - INFO - Token value: 
2024-10-25 23:32:51,478 - __main__ - INFO - Token value: 
2024-10-26 23:32:04,576 - __main__ - INFO - Token value: 
2024-10-27 23:32:36,776 - __main__ - INFO - Token value: 
2024-10-28 23:32:59,045 - __main__ - INFO - Token value: 
2024-10-29 23:33:00,766 - __main__ - INFO - Token value: 
2024-10-30 23:34:14,850 - __main__ - INFO - Token value: 
2024-10-31 23:34:49,507 - __main__ - INFO - Token value: 
2024-11-01 23:32:45,154 - __main__ - INFO - Token value: 
2024-11-02 23:34:21,526 - __main__ - INFO - Token value: 
2024-11-03 23:33:11,548 - __main__ - INFO - Token value: 
2024-11-04 23:34:25,195 - __main__ - INFO - Token value: 
2024-11-05 23:33:28,028 - __main__ - INFO - Token value: 
2024-11-06 23:32:08,890 - __main__ - INFO - Token value: 
2024-11-07 23:32:35,667 - __main__ - INFO - Token value: 
2024-11-08 23:32:08,290 - __main__ - INFO - Token value: 
2024-11-09 23:32:06,603 - __main__ - INFO - Token value: 
2024-11-10 23:32:20,660 - __main__ - INFO - Token value: 
2024-11-11 23:32:11,962 - __main__ - INFO - Token value: 
2024-11-12 23:32:39,872 - __main__ - INFO - Token value: 
2024-11-13 23:32:25,747 - __main__ - INFO - Token value: 
2024-11-14 23:34:02,191 - __main__ - INFO - Token value: 
2024-11-15 23:33:26,202 - __main__ - INFO - Token value: 
2024-11-16 23:33:49,723 - __main__ - INFO - Token value: 
2024-11-17 23:33:19,052 - __main__ - INFO - Token value: 
2024-11-18 23:33:42,481 - __main__ - INFO - Token value: 
2024-11-19 23:35:00,237 - __main__ - INFO - Token value: 
2024-11-20 23:33:48,659 - __main__ - INFO - Token value: 
2024-11-21 23:34:10,493 - __main__ - INFO - Token value: 
2024-11-22 23:35:36,209 - __main__ - INFO - Token value: 
2024-11-23 23:34:33,978 - __main__ - INFO - Token value: 
2024-11-24 23:33:50,071 - __main__ - INFO - Token value: 
2024-11-25 23:34:26,328 - __main__ - INFO - Token value: 
2024-11-26 23:34:35,009 - __main__ - INFO - Token value: 
2024-11-27 23:34:47,971 - __main__ - INFO - Token value: 
2024-11-28 23:33:46,004 - __main__ - INFO - Token value: 
2024-11-29 23:34:14,048 - __main__ - INFO - Token value: 
2024-11-30 23:34:31,856 - __main__ - INFO - Token value: 
2024-12-01 23:33:34,662 - __main__ - INFO - Token value: 
2024-12-02 23:36:09,700 - __main__ - INFO - Token value: 
2024-12-03 23:34:45,267 - __main__ - INFO - Token value: 
2024-12-04 23:34:49,706 - __main__ - INFO - Token value: 
2024-12-05 23:34:59,503 - __main__ - INFO - Token value: 
2024-12-06 23:34:28,361 - __main__ - INFO - Token value: 
2024-12-07 23:33:12,522 - __main__ - INFO - Token value: 
2024-12-08 23:32:55,879 - __main__ - INFO - Token value: 
2024-12-09 23:35:24,555 - __main__ - INFO - Token value: 
2024-12-10 23:34:19,614 - __main__ - INFO - Token value: 
2024-12-11 23:34:30,449 - __main__ - INFO - Token value: 
2024-12-12 23:35:14,920 - __main__ - INFO - Token value: 
2024-12-13 23:34:20,678 - __main__ - INFO - Token value: 
2024-12-14 23:33:02,046 - __main__ - INFO - Token value: 
2024-12-15 23:33:35,713 - __main__ - INFO - Token value: 
2024-12-16 23:34:42,535 - __main__ - INFO - Token value: 
2024-12-17 23:33:03,017 - __main__ - INFO - Token value: 
2024-12-18 23:32:57,947 - __main__ - INFO - Token value: 
2024-12-19 23:31:55,136 - __main__ - INFO - Token value: 
2024-12-20 23:32:16,903 - __main__ - INFO - Token value: 
2024-12-21 23:32:26,920 - __main__ - INFO - Token value: 
2024-12-22 23:32:11,003 - __main__ - INFO - Token value: 
2024-12-23 23:32:04,819 - __main__ - INFO - Token value: 
2024-12-24 23:32:21,439 - __main__ - INFO - Token value: 
2024-12-25 23:32:17,025 - __main__ - INFO - Token value: 
2024-12-26 23:32:08,376 - __main__ - INFO - Token value: 
2024-12-27 23:32:04,911 - __main__ - INFO - Token value: 
2024-12-28 23:32:14,266 - __main__ - INFO - Token value: 
2024-12-29 23:32:12,349 - __main__ - INFO - Token value: 
2024-12-30 23:32:09,785 - __main__ - INFO - Token value: 
2024-12-31 23:32:01,509 - __main__ - INFO - Token value: 
2025-01-01 23:32:13,492 - __main__ - INFO - Token value: 
2025-01-02 23:32:16,263 - __main__ - INFO - Token value: 
2025-01-03 23:32:02,967 - __main__ - INFO - Token value: 
2025-01-04 23:32:13,376 - __main__ - INFO - Token value: 
2025-01-05 23:32:14,752 - __main__ - INFO - Token value: 
2025-01-06 23:32:25,365 - __main__ - INFO - Token value: 
2025-01-07 23:32:19,278 - __main__ - INFO - Token value: 
2025-01-08 23:32:18,384 - __main__ - INFO - Token value: 
2025-01-09 23:32:18,187 - __main__ - INFO - Token value: 
2025-01-10 23:33:56,475 - __main__ - INFO - Token value: 
2025-01-11 23:32:16,274 - __main__ - INFO - Token value: 
2025-01-12 23:32:06,513 - __main__ - INFO - Token value: 
2025-01-13 23:31:59,493 - __main__ - INFO - Token value: 
2025-01-14 23:32:21,922 - __main__ - INFO - Token value: 
2025-01-15 23:32:19,972 - __main__ - INFO - Token value: 
2025-01-16 23:32:09,303 - __main__ - INFO - Token value: 
2025-01-17 23:32:44,369 - __main__ - INFO - Token value: 
2025-01-18 23:32:03,299 - __main__ - INFO - Token value: 
2025-01-19 23:32:02,116 - __main__ - INFO - Token value: 
2025-01-20 23:32:01,840 - __main__ - INFO - Token value: 
2025-01-21 23:32:06,972 - __main__ - INFO - Token value: 
2025-01-22 23:32:15,173 - __main__ - INFO - Token value: 
2025-01-23 23:32:19,851 - __main__ - INFO - Token value: 
2025-01-24 23:32:01,021 - __main__ - INFO - Token value: 
2025-01-25 23:32:04,303 - __main__ - INFO - Token value: 
2025-01-26 23:32:09,920 - __main__ - INFO - Token value: 
2025-01-27 23:32:11,817 - __main__ - INFO - Token value: 
2025-01-28 23:32:20,157 - __main__ - INFO - Token value: 
2025-01-29 23:32:07,973 - __main__ - INFO - Token value: 
2025-01-30 23:32:04,220 - __main__ - INFO - Token value: 
2025-01-31 23:32:04,696 - __main__ - INFO - Token value: 
2025-02-01 23:32:01,132 - __main__ - INFO - Token value: 
2025-02-02 23:31:54,094 - __main__ - INFO - Token value: 
2025-02-03 23:32:33,889 - __main__ - INFO - Token value: 
2025-02-04 23:32:13,120 - __main__ - INFO - Token value: 
2025-02-05 23:32:03,606 - __main__ - INFO - Token value: 
2025-02-06 23:32:06,741 - __main__ - INFO - Token value: 
2025-02-07 23:31:56,719 - __main__ - INFO - Token value: 
2025-02-08 23:32:06,062 - __main__ - INFO - Token value: 
2025-02-09 23:32:04,552 - __main__ - INFO - Token value: 
2025-02-10 23:32:56,600 - __main__ - INFO - Token value: 
2025-02-11 23:33:05,142 - __main__ - INFO - Token value: 
2025-02-12 23:32:07,566 - __main__ - INFO - Token value: 
2025-02-13 23:32:02,104 - __main__ - INFO - Token value: 
2025-02-14 23:32:11,687 - __main__ - INFO - Token value: 
2025-02-15 23:32:07,680 - __main__ - INFO - Token value: 
2025-02-16 23:32:03,148 - __main__ - INFO - Token value: 
2025-02-17 23:32:12,183 - __main__ - INFO - Token value: 
2025-02-18 23:32:00,510 - __main__ - INFO - Token value: 
2025-02-19 23:32:16,671 - __main__ - INFO - Token value: 
2025-02-20 23:32:35,038 - __main__ - INFO - Token value: 
2025-02-21 23:32:24,603 - __main__ - INFO - Token value: 
2025-02-22 23:32:03,005 - __main__ - INFO - Token value: 
2025-02-23 23:32:20,564 - __main__ - INFO - Token value: 
2025-02-24 23:32:06,943 - __main__ - INFO - Token value: 
2025-02-25 23:32:15,414 - __main__ - INFO - Token value: 
2025-02-26 23:34:20,446 - __main__ - INFO - Token value: 
